mode: set
Kadlab/kademlia/bucket.go:14.26,18.2 3 1
Kadlab/kademlia/bucket.go:22.51,25.55 2 1
Kadlab/kademlia/bucket.go:25.55,28.34 2 1
Kadlab/kademlia/bucket.go:28.34,30.4 1 1
Kadlab/kademlia/bucket.go:33.2,33.20 1 1
Kadlab/kademlia/bucket.go:33.20,34.37 1 1
Kadlab/kademlia/bucket.go:34.37,36.4 1 1
Kadlab/kademlia/bucket.go:37.8,39.3 1 1
Kadlab/kademlia/bucket.go:44.79,47.63 2 1
Kadlab/kademlia/bucket.go:47.63,51.3 3 1
Kadlab/kademlia/bucket.go:52.2,52.17 1 1
Kadlab/kademlia/bucket.go:56.33,58.2 1 0
Kadlab/kademlia/cli.go:10.30,13.6 3 0
Kadlab/kademlia/cli.go:13.6,17.20 3 0
Kadlab/kademlia/cli.go:17.20,22.4 3 0
Kadlab/kademlia/cli.go:22.9,24.4 1 0
Kadlab/kademlia/cli.go:28.56,30.18 2 0
Kadlab/kademlia/cli.go:32.22,33.44 1 0
Kadlab/kademlia/cli.go:35.20,39.47 3 0
Kadlab/kademlia/cli.go:39.47,40.21 1 0
Kadlab/kademlia/cli.go:40.21,41.53 1 0
Kadlab/kademlia/cli.go:41.53,42.24 1 0
Kadlab/kademlia/cli.go:42.24,44.7 1 0
Kadlab/kademlia/cli.go:47.4,47.7 1 0
Kadlab/kademlia/cli.go:50.13,55.36 3 0
Kadlab/kademlia/cli.go:55.36,57.4 1 0
Kadlab/kademlia/cli.go:59.3,63.18 3 0
Kadlab/kademlia/cli.go:63.18,66.4 2 0
Kadlab/kademlia/cli.go:66.9,68.4 1 0
Kadlab/kademlia/cli.go:75.13,81.17 3 0
Kadlab/kademlia/cli.go:81.17,83.4 1 0
Kadlab/kademlia/cli.go:83.9,84.19 1 0
Kadlab/kademlia/cli.go:84.19,87.5 1 0
Kadlab/kademlia/cli.go:87.10,89.5 1 0
Kadlab/kademlia/cli.go:96.17,97.48 1 0
Kadlab/kademlia/cli.go:99.19,100.14 1 0
Kadlab/kademlia/cli.go:102.10,104.71 2 0
Kadlab/kademlia/cli.go:106.2,106.15 1 0
Kadlab/kademlia/cli.go:109.18,112.2 2 0
Kadlab/kademlia/cli.go:114.21,116.2 1 0
Kadlab/kademlia/contact.go:18.67,20.2 1 1
Kadlab/kademlia/contact.go:24.58,26.2 1 1
Kadlab/kademlia/contact.go:29.58,31.2 1 1
Kadlab/kademlia/contact.go:34.41,36.2 1 1
Kadlab/kademlia/contact.go:45.65,47.2 1 1
Kadlab/kademlia/contact.go:50.71,53.2 2 1
Kadlab/kademlia/contact.go:56.45,58.2 1 1
Kadlab/kademlia/contact.go:61.48,63.2 1 1
Kadlab/kademlia/contact.go:67.53,69.2 1 1
Kadlab/kademlia/contact.go:73.58,75.2 1 1
Kadlab/kademlia/kademlia.go:27.37,37.2 3 1
Kadlab/kademlia/kademlia.go:39.55,42.76 3 1
Kadlab/kademlia/kademlia.go:42.76,53.13 7 1
Kadlab/kademlia/kademlia.go:53.13,58.4 2 1
Kadlab/kademlia/kademlia.go:60.3,64.24 3 1
Kadlab/kademlia/kademlia.go:65.8,82.13 8 1
Kadlab/kademlia/kademlia.go:82.13,87.4 2 1
Kadlab/kademlia/kademlia.go:89.3,93.19 3 1
Kadlab/kademlia/kademlia.go:100.39,111.2 2 1
Kadlab/kademlia/kademlia.go:113.29,115.2 1 1
Kadlab/kademlia/kademlia.go:117.40,119.24 1 1
Kadlab/kademlia/kademlia.go:119.24,122.3 2 1
Kadlab/kademlia/kademlia.go:124.2,125.16 2 1
Kadlab/kademlia/kademlia.go:125.16,127.3 1 0
Kadlab/kademlia/kademlia.go:129.2,133.16 3 1
Kadlab/kademlia/kademlia.go:133.16,135.3 1 0
Kadlab/kademlia/kademlia.go:137.2,138.35 2 1
Kadlab/kademlia/kademlia.go:138.35,141.3 2 1
Kadlab/kademlia/kademlia.go:144.53,156.16 6 0
Kadlab/kademlia/kademlia.go:156.16,157.13 1 0
Kadlab/kademlia/kademlia.go:160.2,160.59 1 0
Kadlab/kademlia/kademlia.go:160.59,161.70 1 0
Kadlab/kademlia/kademlia.go:161.70,166.4 3 0
Kadlab/kademlia/kademlia.go:166.9,168.18 2 0
Kadlab/kademlia/kademlia.go:168.18,172.5 2 0
Kadlab/kademlia/kademlia.go:172.10,174.5 1 0
Kadlab/kademlia/kademlia.go:178.2,178.88 1 0
Kadlab/kademlia/kademlia.go:178.88,179.10 1 0
Kadlab/kademlia/kademlia.go:181.36,182.26 1 0
Kadlab/kademlia/kademlia.go:182.26,184.5 1 0
Kadlab/kademlia/kademlia.go:184.10,186.5 1 0
Kadlab/kademlia/kademlia.go:191.2,191.27 1 0
Kadlab/kademlia/kademlia.go:196.110,203.43 4 0
Kadlab/kademlia/kademlia.go:203.43,205.83 1 0
Kadlab/kademlia/kademlia.go:205.83,208.4 2 0
Kadlab/kademlia/kademlia.go:211.3,211.34 1 0
Kadlab/kademlia/kademlia.go:211.34,213.4 1 0
Kadlab/kademlia/kademlia.go:216.2,216.22 1 0
Kadlab/kademlia/kademlia.go:218.117,223.35 4 0
Kadlab/kademlia/kademlia.go:223.35,225.25 1 0
Kadlab/kademlia/kademlia.go:225.25,228.4 2 0
Kadlab/kademlia/kademlia.go:228.9,230.4 1 0
Kadlab/kademlia/kademlia.go:234.2,234.41 1 0
Kadlab/kademlia/kademlia.go:237.92,244.35 3 0
Kadlab/kademlia/kademlia.go:244.35,251.59 2 0
Kadlab/kademlia/kademlia.go:251.59,252.22 1 0
Kadlab/kademlia/kademlia.go:252.23,254.5 0 0
Kadlab/kademlia/kademlia.go:254.11,256.5 0 0
Kadlab/kademlia/kademlia.go:259.4,261.41 3 0
Kadlab/kademlia/kademlia.go:266.2,266.16 1 0
Kadlab/kademlia/kademlia.go:269.74,279.2 5 1
Kadlab/kademlia/kademlia.go:280.87,283.12 2 0
Kadlab/kademlia/kademlia.go:283.12,285.3 1 0
Kadlab/kademlia/kademlia.go:287.2,293.35 6 0
Kadlab/kademlia/kademlia.go:297.97,309.35 4 1
Kadlab/kademlia/kademlia.go:309.35,311.28 1 1
Kadlab/kademlia/kademlia.go:311.28,317.18 2 1
Kadlab/kademlia/kademlia.go:317.18,320.5 2 0
Kadlab/kademlia/kademlia.go:320.10,324.5 2 1
Kadlab/kademlia/kademlia.go:330.2,330.37 1 1
Kadlab/kademlia/kademlia.go:330.37,331.10 1 1
Kadlab/kademlia/kademlia.go:332.36,334.26 1 1
Kadlab/kademlia/kademlia.go:334.27,336.5 0 0
Kadlab/kademlia/kademlia.go:336.10,337.40 1 1
Kadlab/kademlia/kademlia.go:337.40,341.6 1 1
Kadlab/kademlia/kademlia.go:348.2,349.25 2 1
Kadlab/kademlia/kademlia.go:351.118,366.35 6 0
Kadlab/kademlia/kademlia.go:366.35,367.28 1 0
Kadlab/kademlia/kademlia.go:367.28,372.18 2 0
Kadlab/kademlia/kademlia.go:372.18,377.5 2 0
Kadlab/kademlia/kademlia.go:377.10,381.21 2 0
Kadlab/kademlia/kademlia.go:381.21,385.6 2 0
Kadlab/kademlia/kademlia.go:393.2,393.37 1 0
Kadlab/kademlia/kademlia.go:393.37,394.10 1 0
Kadlab/kademlia/kademlia.go:395.36,397.26 1 0
Kadlab/kademlia/kademlia.go:397.27,399.5 0 0
Kadlab/kademlia/kademlia.go:399.10,400.40 1 0
Kadlab/kademlia/kademlia.go:400.40,404.6 1 0
Kadlab/kademlia/kademlia.go:410.2,411.52 2 0
Kadlab/kademlia/kademlia.go:416.84,419.34 2 0
Kadlab/kademlia/kademlia.go:419.34,422.3 1 0
Kadlab/kademlia/kademlia.go:425.2,425.26 1 0
Kadlab/kademlia/kademlia.go:425.26,428.3 1 0
Kadlab/kademlia/kademlia.go:431.2,431.43 1 0
Kadlab/kademlia/kademlia.go:431.43,433.3 1 0
Kadlab/kademlia/kademlia.go:436.2,436.21 1 0
Kadlab/kademlia/kademlia.go:438.77,442.2 2 0
Kadlab/kademlia/kademlia.go:444.62,446.37 2 1
Kadlab/kademlia/kademlia.go:446.37,448.3 1 1
Kadlab/kademlia/kademlia.go:449.2,449.17 1 1
Kadlab/kademlia/kademlia.go:467.105,475.41 7 1
Kadlab/kademlia/kademlia.go:475.41,480.3 3 1
Kadlab/kademlia/kademlia.go:481.2,481.40 1 1
Kadlab/kademlia/kademlia.go:481.40,483.3 1 0
Kadlab/kademlia/kademlia.go:484.2,484.21 1 1
Kadlab/kademlia/kademlia.go:487.65,495.6 6 1
Kadlab/kademlia/kademlia.go:495.6,497.19 2 1
Kadlab/kademlia/kademlia.go:497.19,498.9 1 1
Kadlab/kademlia/kademlia.go:500.3,501.29 2 1
Kadlab/kademlia/kademlia.go:501.29,503.4 1 1
Kadlab/kademlia/kademlia.go:504.3,504.29 1 1
Kadlab/kademlia/kademlia.go:504.29,506.25 2 0
Kadlab/kademlia/kademlia.go:506.25,509.5 2 0
Kadlab/kademlia/kademlia.go:511.3,511.39 1 1
Kadlab/kademlia/kademlia.go:511.39,513.4 1 1
Kadlab/kademlia/kademlia.go:515.2,516.53 2 1
Kadlab/kademlia/kademlia.go:518.46,521.39 3 1
Kadlab/kademlia/kademlia.go:521.39,522.58 1 1
Kadlab/kademlia/kademlia.go:522.58,524.4 1 1
Kadlab/kademlia/kademlia.go:526.2,526.12 1 1
Kadlab/kademlia/kademlia.go:526.12,530.41 4 1
Kadlab/kademlia/kademlia.go:530.41,532.4 1 1
Kadlab/kademlia/kademlia.go:533.3,533.22 1 1
Kadlab/kademlia/kademlia.go:537.43,539.52 2 1
Kadlab/kademlia/kademlia.go:539.52,541.3 1 0
Kadlab/kademlia/kademlia.go:542.2,542.61 1 1
Kadlab/kademlia/kademlia.go:542.61,543.37 1 1
Kadlab/kademlia/kademlia.go:543.37,545.4 1 1
Kadlab/kademlia/kademlia.go:546.3,546.48 1 1
Kadlab/kademlia/kademlia.go:549.2,549.13 1 1
Kadlab/kademlia/kademlia.go:552.63,555.61 3 1
Kadlab/kademlia/kademlia.go:555.61,556.37 1 1
Kadlab/kademlia/kademlia.go:556.37,557.18 1 1
Kadlab/kademlia/kademlia.go:557.18,561.5 3 1
Kadlab/kademlia/kademlia.go:565.2,565.17 1 1
Kadlab/kademlia/kademlia.go:569.42,571.35 2 0
Kadlab/kademlia/kademlia.go:571.35,573.3 1 0
Kadlab/kademlia/kademlia.go:574.2,574.17 1 0
Kadlab/kademlia/kademlia.go:576.53,578.54 2 1
Kadlab/kademlia/kademlia.go:578.54,581.3 1 1
Kadlab/kademlia/kademlia.go:582.2,582.17 1 1
Kadlab/kademlia/kademlia.go:585.34,586.35 1 0
Kadlab/kademlia/kademlia.go:586.35,588.3 1 0
Kadlab/kademlia/kademlia.go:592.82,596.26 1 0
Kadlab/kademlia/kademlia.go:596.26,599.3 1 0
Kadlab/kademlia/kademlia.go:602.2,602.43 1 0
Kadlab/kademlia/kademlia.go:602.43,604.3 1 0
Kadlab/kademlia/kademlia.go:607.2,607.17 1 0
Kadlab/kademlia/kademliaid.go:16.45,20.32 3 1
Kadlab/kademlia/kademliaid.go:20.32,22.3 1 1
Kadlab/kademlia/kademliaid.go:24.2,24.23 1 1
Kadlab/kademlia/kademliaid.go:29.40,34.32 3 1
Kadlab/kademlia/kademliaid.go:34.32,36.3 1 1
Kadlab/kademlia/kademliaid.go:38.2,38.23 1 1
Kadlab/kademlia/kademliaid.go:42.69,43.32 1 1
Kadlab/kademlia/kademliaid.go:43.32,44.42 1 1
Kadlab/kademlia/kademliaid.go:44.42,46.4 1 1
Kadlab/kademlia/kademliaid.go:48.2,48.14 1 0
Kadlab/kademlia/kademliaid.go:52.71,53.32 1 1
Kadlab/kademlia/kademliaid.go:53.32,54.42 1 1
Kadlab/kademlia/kademliaid.go:54.42,56.4 1 1
Kadlab/kademlia/kademliaid.go:58.2,58.13 1 1
Kadlab/kademlia/kademliaid.go:63.75,65.32 2 1
Kadlab/kademlia/kademliaid.go:65.32,67.3 1 1
Kadlab/kademlia/kademliaid.go:68.2,68.16 1 1
Kadlab/kademlia/kademliaid.go:72.47,74.2 1 1
Kadlab/kademlia/network.go:29.131,39.2 1 1
Kadlab/kademlia/network.go:41.49,48.16 5 1
Kadlab/kademlia/network.go:48.16,51.3 2 0
Kadlab/kademlia/network.go:52.2,54.6 2 1
Kadlab/kademlia/network.go:54.6,57.17 3 1
Kadlab/kademlia/network.go:57.17,59.12 1 0
Kadlab/kademlia/network.go:63.3,63.36 1 1
Kadlab/kademlia/network.go:63.36,65.18 2 1
Kadlab/kademlia/network.go:65.18,68.5 2 0
Kadlab/kademlia/network.go:69.4,69.40 1 1
Kadlab/kademlia/network.go:77.65,79.51 2 1
Kadlab/kademlia/network.go:79.51,82.3 2 0
Kadlab/kademlia/network.go:84.2,84.18 1 1
Kadlab/kademlia/network.go:85.14,87.17 2 1
Kadlab/kademlia/network.go:87.17,89.4 1 0
Kadlab/kademlia/network.go:90.3,102.24 5 1
Kadlab/kademlia/network.go:104.19,106.17 2 1
Kadlab/kademlia/network.go:106.17,108.4 1 0
Kadlab/kademlia/network.go:109.3,122.24 6 1
Kadlab/kademlia/network.go:123.20,125.17 2 0
Kadlab/kademlia/network.go:125.17,127.4 1 0
Kadlab/kademlia/network.go:128.3,130.13 3 0
Kadlab/kademlia/network.go:130.13,144.4 4 0
Kadlab/kademlia/network.go:144.9,161.4 5 0
Kadlab/kademlia/network.go:163.15,165.17 2 0
Kadlab/kademlia/network.go:165.17,167.4 1 0
Kadlab/kademlia/network.go:168.3,181.24 6 0
Kadlab/kademlia/network.go:184.14,184.14 0 1
Kadlab/kademlia/network.go:186.28,186.28 0 1
Kadlab/kademlia/network.go:188.29,188.29 0 0
Kadlab/kademlia/network.go:190.29,190.29 0 0
Kadlab/kademlia/network.go:192.26,192.26 0 0
Kadlab/kademlia/network.go:194.10,197.32 2 0
Kadlab/kademlia/network.go:200.2,200.17 1 1
Kadlab/kademlia/network.go:203.83,217.16 4 1
Kadlab/kademlia/network.go:217.16,220.3 2 0
Kadlab/kademlia/network.go:221.2,222.51 2 1
Kadlab/kademlia/network.go:222.51,225.3 2 0
Kadlab/kademlia/network.go:227.2,228.12 2 1
Kadlab/kademlia/network.go:231.102,246.16 5 1
Kadlab/kademlia/network.go:246.16,249.3 2 0
Kadlab/kademlia/network.go:250.2,251.51 2 1
Kadlab/kademlia/network.go:251.51,254.3 2 0
Kadlab/kademlia/network.go:256.2,257.39 2 1
Kadlab/kademlia/network.go:257.39,259.3 1 1
Kadlab/kademlia/network.go:260.2,260.26 1 1
Kadlab/kademlia/network.go:263.112,278.16 4 0
Kadlab/kademlia/network.go:278.16,281.3 2 0
Kadlab/kademlia/network.go:282.2,283.51 2 0
Kadlab/kademlia/network.go:283.51,286.3 2 0
Kadlab/kademlia/network.go:288.2,289.18 2 0
Kadlab/kademlia/network.go:290.29,291.56 1 0
Kadlab/kademlia/network.go:292.29,293.32 1 0
Kadlab/kademlia/network.go:294.10,296.23 2 0
Kadlab/kademlia/network.go:300.111,314.16 4 0
Kadlab/kademlia/network.go:314.16,317.3 2 0
Kadlab/kademlia/network.go:318.2,319.51 2 0
Kadlab/kademlia/network.go:319.51,322.3 2 0
Kadlab/kademlia/network.go:324.2,326.18 2 0
Kadlab/kademlia/network.go:327.26,328.55 1 0
Kadlab/kademlia/network.go:329.22,330.51 1 0
Kadlab/kademlia/network.go:331.10,333.17 2 0
Kadlab/kademlia/network.go:337.80,340.16 2 1
Kadlab/kademlia/network.go:340.16,343.3 2 0
Kadlab/kademlia/network.go:345.2,346.16 2 1
Kadlab/kademlia/network.go:346.16,349.3 2 0
Kadlab/kademlia/network.go:350.2,353.16 3 1
Kadlab/kademlia/network.go:353.16,356.3 2 0
Kadlab/kademlia/network.go:357.2,358.16 2 1
Kadlab/kademlia/network.go:358.16,361.3 2 0
Kadlab/kademlia/network.go:363.2,364.12 2 1
Kadlab/kademlia/network.go:364.12,368.17 3 1
Kadlab/kademlia/network.go:368.17,370.4 1 0
Kadlab/kademlia/network.go:371.3,371.35 1 1
Kadlab/kademlia/network.go:375.2,375.9 1 1
Kadlab/kademlia/network.go:376.37,377.57 1 1
Kadlab/kademlia/network.go:377.57,379.4 1 0
Kadlab/kademlia/network.go:379.9,381.4 1 1
Kadlab/kademlia/network.go:382.37,383.56 1 0
Kadlab/kademlia/routingtable.go:15.48,17.34 2 1
Kadlab/kademlia/routingtable.go:17.34,19.3 1 1
Kadlab/kademlia/routingtable.go:20.2,21.21 2 1
Kadlab/kademlia/routingtable.go:25.63,30.2 4 1
Kadlab/kademlia/routingtable.go:35.96,42.98 5 1
Kadlab/kademlia/routingtable.go:42.98,44.25 1 1
Kadlab/kademlia/routingtable.go:44.25,48.4 2 1
Kadlab/kademlia/routingtable.go:49.3,49.33 1 1
Kadlab/kademlia/routingtable.go:49.33,53.4 2 1
Kadlab/kademlia/routingtable.go:56.2,58.30 2 1
Kadlab/kademlia/routingtable.go:58.30,60.3 1 1
Kadlab/kademlia/routingtable.go:61.2,62.38 2 1
Kadlab/kademlia/routingtable.go:66.70,68.32 2 1
Kadlab/kademlia/routingtable.go:68.32,69.26 1 1
Kadlab/kademlia/routingtable.go:69.26,70.42 1 1
Kadlab/kademlia/routingtable.go:70.42,72.5 1 1
Kadlab/kademlia/routingtable.go:76.2,76.23 1 1
